<?xml version="1.0" encoding="UTF-8"?>
<!-- Generated by org.testng.reporters.JUnitXMLReporter -->
<testsuite hostname="LT-A0302" ignored="0" name="Test(failed)" tests="1" failures="1" timestamp="2020-05-22T19:05:08 IST" time="23.85" errors="0">
  <testcase name="f" time="0.021" classname="testng.NewTest">
    <failure type="java.lang.AssertionError" message="expected [Welcome: Mercury Tour] but found [Welcome: Mercury Tours]">
      <![CDATA[java.lang.AssertionError: expected [Welcome: Mercury Tour] but found [Welcome: Mercury Tours]
at testng.NewTest.f(NewTest.java:21)
at java.util.ArrayList.forEach(ArrayList.java:1249)
at java.util.concurrent.FutureTask.run(FutureTask.java:266)
at java.util.concurrent.ThreadPoolExecutor.runWorker(ThreadPoolExecutor.java:1142)
at java.util.concurrent.ThreadPoolExecutor$Worker.run(ThreadPoolExecutor.java:617)
at java.lang.Thread.run(Thread.java:745)
... Removed 23 stack frames]]>
    </failure>
  </testcase> <!-- f -->
</testsuite> <!-- Test(failed) -->
